--2018-01-16 16:55:16--  https://www.stanford.edu/news/
Resolving www.stanford.edu... 13.32.178.9, 13.32.178.178, 13.32.178.162, ...
Connecting to www.stanford.edu|13.32.178.9|:443... connected.
HTTP request sent, awaiting response... 200 OK
Length: unspecified [text/html]
Saving to: ‘news/index.html’

     0K .......... .......... .......... ..                    3.32M=0.01s

Last-modified header missing -- time-stamps turned off.
2018-01-16 16:55:17 (3.32 MB/s) - ‘news/index.html’ saved [33511]

Loading robots.txt; please ignore errors.
--2018-01-16 16:55:17--  https://www.stanford.edu/robots.txt
Reusing existing connection to www.stanford.edu:443.
HTTP request sent, awaiting response... 200 OK
Length: 67 [text/plain]
Saving to: ‘robots.txt’

     0K                                                       100% 4.26M=0s

2018-01-16 16:55:17 (4.26 MB/s) - ‘robots.txt’ saved [67/67]

--2018-01-16 16:55:17--  https://www.stanford.edu/wp-content/plugins/awesome-weather-pro/awesome-weather.css?ver=4.9.2
Reusing existing connection to www.stanford.edu:443.
HTTP request sent, awaiting response... 200 OK
Length: 44139 (43K) [text/css]
Saving to: ‘wp-content/plugins/awesome-weather-pro/awesome-weather.css?ver=4.9.2.css’

     0K .......... .......... .......... .......... ...       100% 7.32M=0.006s

2018-01-16 16:55:17 (7.32 MB/s) - ‘wp-content/plugins/awesome-weather-pro/awesome-weather.css?ver=4.9.2.css’ saved [44139/44139]

--2018-01-16 16:55:17--  https://www.stanford.edu/wp-content/themes/homesite17/style.css?ver=4.9.2
Reusing existing connection to www.stanford.edu:443.
HTTP request sent, awaiting response... 200 OK
Length: 381 [text/css]
Saving to: ‘wp-content/themes/homesite17/style.css?ver=4.9.2.css’

     0K                                                       100% 27.9M=0s

2018-01-16 16:55:17 (27.9 MB/s) - ‘wp-content/themes/homesite17/style.css?ver=4.9.2.css’ saved [381/381]

--2018-01-16 16:55:17--  https://www.stanford.edu/wp-content/themes/homesite17/css/master.min.css?ver=2017.12.18.04.09
Reusing existing connection to www.stanford.edu:443.
HTTP request sent, awaiting response... 200 OK
Length: 547389 (535K) [text/css]
Saving to: ‘wp-content/themes/homesite17/css/master.min.css?ver=2017.12.18.04.09.css’

     0K .......... .......... .......... .......... ..........  9% 4.99M 0s
    50K .......... .......... .......... .......... .......... 18% 3.18M 0s
   100K .......... .......... .......... .......... .......... 28% 5.90M 0s
   150K .......... .......... .......... .......... .......... 37% 12.4M 0s
   200K .......... .......... .......... .......... .......... 46% 6.57M 0s
   250K .......... .......... .......... .......... .......... 56% 5.61M 0s
   300K .......... .......... .......... .......... .......... 65% 8.72M 0s
   350K .......... .......... .......... .......... .......... 74% 10.6M 0s
   400K .......... .......... .......... .......... .......... 84% 7.82M 0s
   450K .......... .......... .......... .......... .......... 93% 5.33M 0s
   500K .......... .......... .......... ....                 100% 7.09M=0.08s

2018-01-16 16:55:17 (6.22 MB/s) - ‘wp-content/themes/homesite17/css/master.min.css?ver=2017.12.18.04.09.css’ saved [547389/547389]

--2018-01-16 16:55:17--  https://www.stanford.edu/wp-includes/js/jquery/jquery.js?ver=1.12.4
Reusing existing connection to www.stanford.edu:443.
HTTP request sent, awaiting response... 200 OK
Length: 97184 (95K) [application/javascript]
Saving to: ‘wp-includes/js/jquery/jquery.js?ver=1.12.4’

     0K .......... .......... .......... .......... .......... 52% 9.80M 0s
    50K .......... .......... .......... .......... ....      100% 9.50M=0.01s

2018-01-16 16:55:17 (9.65 MB/s) - ‘wp-includes/js/jquery/jquery.js?ver=1.12.4’ saved [97184/97184]

--2018-01-16 16:55:17--  https://www.stanford.edu/wp-includes/js/jquery/jquery-migrate.min.js?ver=1.4.1
Reusing existing connection to www.stanford.edu:443.
HTTP request sent, awaiting response... 200 OK
Length: 10056 (9.8K) [application/javascript]
Saving to: ‘wp-includes/js/jquery/jquery-migrate.min.js?ver=1.4.1’

     0K .........                                             100% 67.1M=0s

2018-01-16 16:55:17 (67.1 MB/s) - ‘wp-includes/js/jquery/jquery-migrate.min.js?ver=1.4.1’ saved [10056/10056]

--2018-01-16 16:55:17--  https://www.stanford.edu/?wordfence_syncAttackData=1516148058.203
Reusing existing connection to www.stanford.edu:443.
HTTP request sent, awaiting response... 200 OK
Length: unspecified [text/html]
Saving to: ‘index.html?wordfence_syncAttackData=1516148058.203.html’

     0K .......... .......... .......... .......... .......... 11.6M
    50K .......... .........                                   9.33M=0.006s

Last-modified header missing -- time-stamps turned off.
2018-01-16 16:55:17 (10.9 MB/s) - ‘index.html?wordfence_syncAttackData=1516148058.203.html’ saved [70709]

--2018-01-16 16:55:17--  https://www.stanford.edu/wp-content/plugins/awesome-weather-pro/js/awesome-weather-widget-frontend.js?ver=1.1
Reusing existing connection to www.stanford.edu:443.
HTTP request sent, awaiting response... 200 OK
Length: 4871 (4.8K) [application/javascript]
Saving to: ‘wp-content/plugins/awesome-weather-pro/js/awesome-weather-widget-frontend.js?ver=1.1’

     0K ....                                                  100%  186M=0s

2018-01-16 16:55:17 (186 MB/s) - ‘wp-content/plugins/awesome-weather-pro/js/awesome-weather-widget-frontend.js?ver=1.1’ saved [4871/4871]

--2018-01-16 16:55:17--  https://www.stanford.edu/wp-content/plugins/awesome-weather-pro/js/js-cookie.js?ver=1.1
Reusing existing connection to www.stanford.edu:443.
HTTP request sent, awaiting response... 200 OK
Length: 1572 (1.5K) [application/javascript]
Saving to: ‘wp-content/plugins/awesome-weather-pro/js/js-cookie.js?ver=1.1’

     0K .                                                     100% 78.9M=0s

2018-01-16 16:55:17 (78.9 MB/s) - ‘wp-content/plugins/awesome-weather-pro/js/js-cookie.js?ver=1.1’ saved [1572/1572]

--2018-01-16 16:55:17--  https://www.stanford.edu/wp-content/themes/homesite17/js/dist/master.min.js?ver=2017.12.18.04.09
Reusing existing connection to www.stanford.edu:443.
HTTP request sent, awaiting response... 200 OK
Length: 56377 (55K) [application/javascript]
Saving to: ‘wp-content/themes/homesite17/js/dist/master.min.js?ver=2017.12.18.04.09’

     0K .......... .......... .......... .......... .......... 90% 6.91M 0s
    50K .....                                                 100%  101K=0.007s

2018-01-16 16:55:17 (7.61 MB/s) - ‘wp-content/themes/homesite17/js/dist/master.min.js?ver=2017.12.18.04.09’ saved [56377/56377]

--2018-01-16 16:55:17--  https://www.stanford.edu/wp-includes/js/wp-embed.min.js?ver=4.9.2
Reusing existing connection to www.stanford.edu:443.
HTTP request sent, awaiting response... 200 OK
Length: 1398 (1.4K) [application/javascript]
Saving to: ‘wp-includes/js/wp-embed.min.js?ver=4.9.2’

     0K .                                                     100% 95.2M=0s

2018-01-16 16:55:17 (95.2 MB/s) - ‘wp-includes/js/wp-embed.min.js?ver=4.9.2’ saved [1398/1398]

--2018-01-16 16:55:17--  https://www.stanford.edu/wp-content/plugins/awesome-weather-pro/fonts/weathericons-regular-webfont.eot
Reusing existing connection to www.stanford.edu:443.
HTTP request sent, awaiting response... 200 OK
Length: 99774 (97K) [application/vnd.ms-fontobject]
Saving to: ‘wp-content/plugins/awesome-weather-pro/fonts/weathericons-regular-webfont.eot’

     0K .......... .......... .......... .......... .......... 51% 6.24M 0s
    50K .......... .......... .......... .......... .......   100% 10.1M=0.01s

2018-01-16 16:55:17 (7.68 MB/s) - ‘wp-content/plugins/awesome-weather-pro/fonts/weathericons-regular-webfont.eot’ saved [99774/99774]

--2018-01-16 16:55:17--  https://www.stanford.edu/wp-content/plugins/awesome-weather-pro/fonts/weathericons-regular-webfont.eot?
Reusing existing connection to www.stanford.edu:443.
HTTP request sent, awaiting response... 200 OK
Length: 99774 (97K) [application/vnd.ms-fontobject]
Saving to: ‘wp-content/plugins/awesome-weather-pro/fonts/weathericons-regular-webfont.eot?’

     0K .......... .......... .......... .......... .......... 51% 5.62M 0s
    50K .......... .......... .......... .......... .......   100% 14.5M=0.01s

2018-01-16 16:55:17 (8.02 MB/s) - ‘wp-content/plugins/awesome-weather-pro/fonts/weathericons-regular-webfont.eot?’ saved [99774/99774]

--2018-01-16 16:55:17--  https://www.stanford.edu/wp-content/plugins/awesome-weather-pro/fonts/weathericons-regular-webfont.woff2
Reusing existing connection to www.stanford.edu:443.
HTTP request sent, awaiting response... 200 OK
Length: 44720 (44K)
Saving to: ‘wp-content/plugins/awesome-weather-pro/fonts/weathericons-regular-webfont.woff2.html’

     0K .......... .......... .......... .......... ...       100% 7.67M=0.006s

2018-01-16 16:55:17 (7.67 MB/s) - ‘wp-content/plugins/awesome-weather-pro/fonts/weathericons-regular-webfont.woff2.html’ saved [44720/44720]

--2018-01-16 16:55:17--  https://www.stanford.edu/wp-content/plugins/awesome-weather-pro/fonts/weathericons-regular-webfont.woff
Reusing existing connection to www.stanford.edu:443.
HTTP request sent, awaiting response... 200 OK
Length: 56468 (55K) [application/font-woff]
Saving to: ‘wp-content/plugins/awesome-weather-pro/fonts/weathericons-regular-webfont.woff’

     0K .......... .......... .......... .......... .......... 90% 7.23M 0s
    50K .....                                                 100%  103K=0.007s

2018-01-16 16:55:17 (7.97 MB/s) - ‘wp-content/plugins/awesome-weather-pro/fonts/weathericons-regular-webfont.woff’ saved [56468/56468]

--2018-01-16 16:55:17--  https://www.stanford.edu/wp-content/plugins/awesome-weather-pro/fonts/weathericons-regular-webfont.ttf
Reusing existing connection to www.stanford.edu:443.
HTTP request sent, awaiting response... 200 OK
Length: 99564 (97K) [application/font-sfnt]
Saving to: ‘wp-content/plugins/awesome-weather-pro/fonts/weathericons-regular-webfont.ttf’

     0K .......... .......... .......... .......... .......... 51% 6.33M 0s
    50K .......... .......... .......... .......... .......   100% 14.9M=0.01s

2018-01-16 16:55:17 (8.80 MB/s) - ‘wp-content/plugins/awesome-weather-pro/fonts/weathericons-regular-webfont.ttf’ saved [99564/99564]

--2018-01-16 16:55:17--  https://www.stanford.edu/wp-content/plugins/awesome-weather-pro/fonts/weathericons-regular-webfont.svg
Reusing existing connection to www.stanford.edu:443.
HTTP request sent, awaiting response... 200 OK
Length: 184969 (181K) [image/svg+xml]
Saving to: ‘wp-content/plugins/awesome-weather-pro/fonts/weathericons-regular-webfont.svg’

     0K .......... .......... .......... .......... .......... 27% 9.52M 0s
    50K .......... .......... .......... .......... .......... 55% 15.3M 0s
   100K .......... .......... .......... .......... .......... 83% 9.30M 0s
   150K .......... .......... ..........                      100% 9.31M=0.02s

2018-01-16 16:55:17 (10.5 MB/s) - ‘wp-content/plugins/awesome-weather-pro/fonts/weathericons-regular-webfont.svg’ saved [184969/184969]

--2018-01-16 16:55:17--  https://www.stanford.edu/wp-content/themes/homesite17/fonts/fontawesome-webfont.eot?v=4.7.0
Reusing existing connection to www.stanford.edu:443.
HTTP request sent, awaiting response... 200 OK
Length: 165742 (162K) [application/vnd.ms-fontobject]
Saving to: ‘wp-content/themes/homesite17/fonts/fontawesome-webfont.eot?v=4.7.0’

     0K .......... .......... .......... .......... .......... 30% 7.24M 0s
    50K .......... .......... .......... .......... .......... 61% 9.81M 0s
   100K .......... .......... .......... .......... .......... 92% 14.0M 0s
   150K .......... .                                          100% 7.34M=0.02s

2018-01-16 16:55:17 (9.41 MB/s) - ‘wp-content/themes/homesite17/fonts/fontawesome-webfont.eot?v=4.7.0’ saved [165742/165742]

--2018-01-16 16:55:17--  https://www.stanford.edu/wp-content/themes/homesite17/fonts/fontawesome-webfont.eot?
Reusing existing connection to www.stanford.edu:443.
HTTP request sent, awaiting response... 200 OK
Length: 165742 (162K) [application/vnd.ms-fontobject]
Saving to: ‘wp-content/themes/homesite17/fonts/fontawesome-webfont.eot?’

     0K .......... .......... .......... .......... .......... 30% 10.7M 0s
    50K .......... .......... .......... .......... .......... 61% 9.33M 0s
   100K .......... .......... .......... .......... .......... 92% 8.95M 0s
   150K .......... .                                          100% 99.0M=0.02s

2018-01-16 16:55:17 (10.3 MB/s) - ‘wp-content/themes/homesite17/fonts/fontawesome-webfont.eot?’ saved [165742/165742]

--2018-01-16 16:55:17--  https://www.stanford.edu/wp-content/themes/homesite17/fonts/fontawesome-webfont.woff2?v=4.7.0
Reusing existing connection to www.stanford.edu:443.
HTTP request sent, awaiting response... 200 OK
Length: 77160 (75K)
Saving to: ‘wp-content/themes/homesite17/fonts/fontawesome-webfont.woff2?v=4.7.0.html’

     0K .......... .......... .......... .......... .......... 66% 10.1M 0s
    50K .......... .......... .....                           100% 25.5M=0.006s

2018-01-16 16:55:17 (12.6 MB/s) - ‘wp-content/themes/homesite17/fonts/fontawesome-webfont.woff2?v=4.7.0.html’ saved [77160/77160]

--2018-01-16 16:55:17--  https://www.stanford.edu/wp-content/themes/homesite17/fonts/fontawesome-webfont.woff?v=4.7.0
Reusing existing connection to www.stanford.edu:443.
HTTP request sent, awaiting response... 200 OK
Length: 98024 (96K) [application/font-woff]
Saving to: ‘wp-content/themes/homesite17/fonts/fontawesome-webfont.woff?v=4.7.0’

     0K .......... .......... .......... .......... .......... 52% 12.2M 0s
    50K .......... .......... .......... .......... .....     100% 10.4M=0.008s

2018-01-16 16:55:17 (11.3 MB/s) - ‘wp-content/themes/homesite17/fonts/fontawesome-webfont.woff?v=4.7.0’ saved [98024/98024]

--2018-01-16 16:55:17--  https://www.stanford.edu/wp-content/themes/homesite17/fonts/fontawesome-webfont.ttf?v=4.7.0
Reusing existing connection to www.stanford.edu:443.
HTTP request sent, awaiting response... 200 OK
Length: 165548 (162K) [application/font-sfnt]
Saving to: ‘wp-content/themes/homesite17/fonts/fontawesome-webfont.ttf?v=4.7.0’

     0K .......... .......... .......... .......... .......... 30% 7.63M 0s
    50K .......... .......... .......... .......... .......... 61% 7.09M 0s
   100K .......... .......... .......... .......... .......... 92% 15.5M 0s
   150K .......... .                                          100% 27.5M=0.02s

2018-01-16 16:55:17 (9.37 MB/s) - ‘wp-content/themes/homesite17/fonts/fontawesome-webfont.ttf?v=4.7.0’ saved [165548/165548]

--2018-01-16 16:55:17--  https://www.stanford.edu/wp-content/themes/homesite17/fonts/fontawesome-webfont.svg?v=4.7.0
Reusing existing connection to www.stanford.edu:443.
HTTP request sent, awaiting response... 200 OK
Length: 444379 (434K) [image/svg+xml]
Saving to: ‘wp-content/themes/homesite17/fonts/fontawesome-webfont.svg?v=4.7.0’

     0K .......... .......... .......... .......... .......... 11% 4.56M 0s
    50K .......... .......... .......... .......... .......... 23% 11.1M 0s
   100K .......... .......... .......... .......... .......... 34% 13.8M 0s
   150K .......... .......... .......... .......... .......... 46% 15.8M 0s
   200K .......... .......... .......... .......... .......... 57% 8.37M 0s
   250K .......... .......... .......... .......... .......... 69% 11.0M 0s
   300K .......... .......... .......... .......... .......... 80% 1.96M 0s
   350K .......... .......... .......... .......... .......... 92% 49.7M 0s
   400K .......... .......... .......... ...                  100% 72.1M=0.06s

2018-01-16 16:55:17 (7.25 MB/s) - ‘wp-content/themes/homesite17/fonts/fontawesome-webfont.svg?v=4.7.0’ saved [444379/444379]

--2018-01-16 16:55:17--  https://www.stanford.edu/wp-content/themes/homesite17/fonts/Stanford.ttf?a9awv8
Reusing existing connection to www.stanford.edu:443.
HTTP request sent, awaiting response... 200 OK
Length: 7472 (7.3K) [application/font-sfnt]
Saving to: ‘wp-content/themes/homesite17/fonts/Stanford.ttf?a9awv8’

     0K .......                                               100%  297M=0s

2018-01-16 16:55:17 (297 MB/s) - ‘wp-content/themes/homesite17/fonts/Stanford.ttf?a9awv8’ saved [7472/7472]

--2018-01-16 16:55:17--  https://www.stanford.edu/wp-content/themes/homesite17/fonts/Stanford.woff?a9awv8
Reusing existing connection to www.stanford.edu:443.
HTTP request sent, awaiting response... 200 OK
Length: 7552 (7.4K) [application/font-woff]
Saving to: ‘wp-content/themes/homesite17/fonts/Stanford.woff?a9awv8’

     0K .......                                               100%  400M=0s

2018-01-16 16:55:17 (400 MB/s) - ‘wp-content/themes/homesite17/fonts/Stanford.woff?a9awv8’ saved [7552/7552]

--2018-01-16 16:55:17--  https://www.stanford.edu/wp-content/themes/homesite17/fonts/Stanford.svg?a9awv8
Reusing existing connection to www.stanford.edu:443.
HTTP request sent, awaiting response... 200 OK
Length: 58643 (57K) [image/svg+xml]
Saving to: ‘wp-content/themes/homesite17/fonts/Stanford.svg?a9awv8’

     0K .......... .......... .......... .......... .......... 87% 7.29M 0s
    50K .......                                               100% 85.5M=0.007s

2018-01-16 16:55:17 (8.24 MB/s) - ‘wp-content/themes/homesite17/fonts/Stanford.svg?a9awv8’ saved [58643/58643]

FINISHED --2018-01-16 16:55:17--
Total wall clock time: 1.1s
Downloaded: 27 files, 2.5M in 0.3s (8.00 MB/s)
Converting links in index.html?wordfence_syncAttackData=1516148058.203.html... 12-43
Converting links in wp-content/plugins/awesome-weather-pro/fonts/weathericons-regular-webfont.woff2.html... nothing to do.
Converting links in news/index.html... 13-31
Converting links in wp-content/themes/homesite17/fonts/fontawesome-webfont.woff2?v=4.7.0.html... nothing to do.
Converting links in wp-content/themes/homesite17/css/master.min.css?ver=2017.12.18.04.09.css... 10-0
Converting links in wp-content/plugins/awesome-weather-pro/awesome-weather.css?ver=4.9.2.css... 12-0
Converting links in wp-content/themes/homesite17/style.css?ver=4.9.2.css... nothing to do.
Converted links in 7 files in 0.01 seconds.
